This is pdfTeX, Version 3.14159265-2.6-1.40.19 (MiKTeX 2.9.6840 64-bit) (preloaded format=pdftex 2018.12.11)  11 DEC 2018 22:21
entering extended mode
**C:/Users/crazy/Documents/‰∏≠ÊúüÊä•Âëä/ucasthesis-master/Biblio/ref.bib
(C:/Users/crazy/Documents/‰∏≠ÊúüÊä•Âëä/ucasthesis-master/Biblio/ref.bib
Missing character: There is no Ë in font cmr10!
Missing character: There is no ë in font cmr10!
Missing character: There is no ó in font cmr10!
Missing character: There is no Â in font cmr10!
Missing character: There is no Ω in font cmr10!
Missing character: There is no ï in font cmr10!
Missing character: There is no Ê in font cmr10!
Missing character: There is no ñ in font cmr10!
Missing character: There is no á in font cmr10!
Missing character: There is no Â in font cmr10!
Missing character: There is no ê in font cmr10!
Missing character: There is no é in font cmr10!
Missing character: There is no Â in font cmr10!
Missing character: There is no è in font cmr10!
Missing character: There is no Ç in font cmr10!
Missing character: There is no Ë in font cmr10!
Missing character: There is no Ä in font cmr10!
Missing character: There is no É in font cmr10!
Missing character: There is no Ê in font cmr10!
Missing character: There is no ñ in font cmr10!
Missing character: There is no á in font cmr10!
Missing character: There is no Á in font cmr10!
Missing character: There is no å in font cmr10!
Missing character: There is no Æ in font cmr10!
Missing character: There is no Á in font cmr10!
Missing character: There is no ö in font cmr10!
Missing character: There is no Ñ in font cmr10!
Missing character: There is no Ë in font cmr10!
Missing character: There is no ß in font cmr10!
Missing character: There is no Ñ in font cmr10!
Missing character: There is no Â in font cmr10!
Missing character: There is no à in font cmr10!
Missing character: There is no ô in font cmr10!
Missing character: There is no Â in font cmr10!
Missing character: There is no è in font cmr10!
Missing character: There is no ä in font cmr10!
Missing character: There is no Ê in font cmr10!
Missing character: There is no ≥ in font cmr10!
Missing character: There is no ® in font cmr10!
Missing character: There is no Ê in font cmr10!
Missing character: There is no Ñ in font cmr10!
Missing character: There is no è in font cmr10!
Missing character: There is no ‰ in font cmr10!
Missing character: There is no ∫ in font cmr10!
Missing character: There is no ã in font cmr10!
Missing character: There is no È in font cmr10!
Missing character: There is no ° in font cmr10!
Missing character: There is no π in font cmr10!
Missing character: There is no È in font cmr10!
Missing character: There is no ô in font cmr10!
Missing character: There is no à in font cmr10!
Missing character: There is no Ê in font cmr10!
Missing character: There is no µ in font cmr10!
Missing character: There is no © in font cmr10!
Missing character: There is no Â in font cmr10!
Missing character: There is no Ö in font cmr10!
Missing character: There is no É in font cmr10!
Missing character: There is no Á in font cmr10!
Missing character: There is no º in font cmr10!
Missing character: There is no ñ in font cmr10!
Missing character: There is no Ë in font cmr10!
Missing character: There is no æ in font cmr10!
Missing character: There is no ë in font cmr10!
Missing character: There is no Â in font cmr10!
Missing character: There is no ≠ in font cmr10!
Missing character: There is no ¶ in font cmr10!
Missing character: There is no Ê in font cmr10!
Missing character: There is no ä in font cmr10!
Missing character: There is no • in font cmr10!
Missing character: There is no Â in font cmr10!
Missing character: There is no õ in font cmr10!
Missing character: There is no æ in font cmr10!
Missing character: There is no ‰ in font cmr10!
Missing character: There is no π in font cmr10!
Missing character: There is no ¶ in font cmr10!
Missing character: There is no È in font cmr10!
Missing character: There is no ¶ in font cmr10!
Missing character: There is no Ü in font cmr10!
Missing character: There is no Ê in font cmr10!
Missing character: There is no ï in font cmr10!
Missing character: There is no ∞ in font cmr10!
Missing character: There is no Â in font cmr10!
Missing character: There is no ≠ in font cmr10!
Missing character: There is no ó in font cmr10!
Missing character: There is no Â in font cmr10!
Missing character: There is no è in font cmr10!
Missing character: There is no Ç in font cmr10!
Missing character: There is no Ë in font cmr10!
Missing character: There is no Ä in font cmr10!
Missing character: There is no É in font cmr10!
Missing character: There is no Â in font cmr10!
Missing character: There is no í in font cmr10!
Missing character: There is no ® in font cmr10!
Missing character: There is no Ë in font cmr10!
Missing character: There is no Ø in font cmr10!
Missing character: There is no ¢ in font cmr10!
Missing character: There is no Ê in font cmr10!
Missing character: There is no ú in font cmr10!
Missing character: There is no ç in font cmr10!
Missing character: There is no Â in font cmr10!
Missing character: There is no ä in font cmr10!
Missing character: There is no ° in font cmr10!
Missing character: There is no Á in font cmr10!
Missing character: There is no † in font cmr10!
Missing character: There is no î in font cmr10!
Missing character: There is no Á in font cmr10!
Missing character: There is no © in font cmr10!
Missing character: There is no ∂ in font cmr10!
Missing character: There is no Â in font cmr10!
Missing character: There is no à in font cmr10!
Missing character: There is no ù in font cmr10!
Missing character: There is no Ê in font cmr10!
Missing character: There is no ô in font cmr10!
Missing character: There is no Ø in font cmr10!
Missing character: There is no Â in font cmr10!
Missing character: There is no à in font cmr10!
Missing character: There is no © in font cmr10!
Missing character: There is no Â in font cmr10!
Missing character: There is no å in font cmr10!
Missing character: There is no ó in font cmr10!
Missing character: There is no ‰ in font cmr10!
Missing character: There is no ∫ in font cmr10!
Missing character: There is no ¨ in font cmr10!
Missing character: There is no Â in font cmr10!
Missing character: There is no å in font cmr10!
Missing character: There is no ó in font cmr10!
Missing character: There is no ‰ in font cmr10!
Missing character: There is no ∫ in font cmr10!
Missing character: There is no ¨ in font cmr10!
Missing character: There is no Â in font cmr10!
Missing character: There is no õ in font cmr10!
Missing character: There is no æ in font cmr10!
Missing character: There is no ‰ in font cmr10!
Missing character: There is no π in font cmr10!
Missing character: There is no ¶ in font cmr10!
Missing character: There is no È in font cmr10!
Missing character: There is no ¶ in font cmr10!
Missing character: There is no Ü in font cmr10!
Missing character: There is no Â in font cmr10!
Missing character: There is no á in font cmr10!
Missing character: There is no ∫ in font cmr10!
Missing character: There is no Á in font cmr10!
Missing character: There is no â in font cmr10!
Missing character: There is no à in font cmr10!
Missing character: There is no Á in font cmr10!
Missing character: There is no § in font cmr10!
Missing character: There is no æ in font cmr10!
Missing character: There is no Â in font cmr10!
Missing character: There is no ì in font cmr10!
Missing character: There is no à in font cmr10!
Missing character: There is no È in font cmr10!
Missing character: There is no á in font cmr10!
Missing character: There is no å in font cmr10!
Missing character: There is no Ê in font cmr10!
Missing character: There is no £ in font cmr10!
Missing character: There is no Æ in font cmr10!
Missing character: There is no ¬ in font cmr10!
Missing character: There is no ∑ in font cmr10!
Missing character: There is no Ê in font cmr10!
Missing character: There is no ≤ in font cmr10!
Missing character: There is no É in font cmr10!
Missing character: There is no Â in font cmr10!
Missing character: There is no ∞ in font cmr10!
Missing character: There is no î in font cmr10!
Missing character: There is no Â in font cmr10!
Missing character: There is no æ in font cmr10!
Missing character: There is no ∑ in font cmr10!
Missing character: There is no ‰ in font cmr10!
Missing character: There is no º in font cmr10!
Missing character: There is no ¶ in font cmr10!
Missing character: There is no Ë in font cmr10!
Missing character: There is no ∞ in font cmr10!
Missing character: There is no ¢ in font cmr10!
Missing character: There is no Ë in font cmr10!
Missing character: There is no ø in font cmr10!
Missing character: There is no ú in font cmr10!
Missing character: There is no Ê in font cmr10!
Missing character: There is no ∂ in font cmr10!
Missing character: There is no õ in font cmr10!
Missing character: There is no Á in font cmr10!
Missing character: There is no ª in font cmr10!
Missing character: There is no è in font cmr10!
Missing character: There is no Ê in font cmr10!
Missing character: There is no µ in font cmr10!
Missing character: There is no é in font cmr10!
Missing character: There is no Ê in font cmr10!
Missing character: There is no ï in font cmr10!
Missing character: There is no ∞ in font cmr10!
Missing character: There is no Â in font cmr10!
Missing character: There is no ≠ in font cmr10!
Missing character: There is no ¶ in font cmr10!
Missing character: There is no ‰ in font cmr10!
Missing character: There is no ∏ in font cmr10!
Missing character: There is no é in font cmr10!
Missing character: There is no È in font cmr10!
Missing character: There is no á in font cmr10!
Missing character: There is no ë in font cmr10!
Missing character: There is no Ë in font cmr10!
Missing character: There is no û in font cmr10!
Missing character: There is no ç in font cmr10!
Missing character: There is no Ê in font cmr10!
Missing character: There is no ï in font cmr10!
Missing character: There is no ∞ in font cmr10!
Missing character: There is no Â in font cmr10!
Missing character: There is no ≠ in font cmr10!
Missing character: There is no ¶ in font cmr10!
Missing character: There is no Â in font cmr10!
Missing character: There is no å in font cmr10!
Missing character: There is no ó in font cmr10!
Missing character: There is no ‰ in font cmr10!
Missing character: There is no ∫ in font cmr10!
Missing character: There is no ¨ in font cmr10!
Missing character: There is no ‰ in font cmr10!
Missing character: There is no ∏ in font cmr10!
Missing character: There is no ≠ in font cmr10!
Missing character: There is no Â in font cmr10!
Missing character: There is no õ in font cmr10!
Missing character: There is no Ω in font cmr10!
Missing character: There is no ‰ in font cmr10!
Missing character: There is no ∫ in font cmr10!
Missing character: There is no ∫ in font cmr10!
Missing character: There is no Ê in font cmr10!
Missing character: There is no ∞ in font cmr10!
Missing character: There is no ë in font cmr10!
Missing character: There is no Â in font cmr10!
Missing character: There is no § in font cmr10!
Missing character: There is no ß in font cmr10!
Missing character: There is no Â in font cmr10!
Missing character: There is no ≠ in font cmr10!
Missing character: There is no ¶ in font cmr10!
Missing character: There is no Â in font cmr10!
Missing character: There is no á in font cmr10!
Missing character: There is no ∫ in font cmr10!
Missing character: There is no Á in font cmr10!
Missing character: There is no â in font cmr10!
Missing character: There is no à in font cmr10!
Missing character: There is no Á in font cmr10!
Missing character: There is no § in font cmr10!
Missing character: There is no æ in font cmr10!
Missing character: There is no Á in font cmr10!
Missing character: There is no â in font cmr10!
Missing character: There is no õ in font cmr10!
Missing character: There is no Â in font cmr10!
Missing character: There is no ø in font cmr10!
Missing character: There is no ó in font cmr10!
Missing character: There is no Ê in font cmr10!
Missing character: There is no ò in font cmr10!
Missing character: There is no é in font cmr10!
Missing character: There is no Ê in font cmr10!
Missing character: There is no ñ in font cmr10!
Missing character: There is no Ø in font cmr10!
Missing character: There is no Ê in font cmr10!
Missing character: There is no ∏ in font cmr10!
Missing character: There is no © in font cmr10!
Missing character: There is no Â in font cmr10!
Missing character: There is no Ö in font cmr10!
Missing character: There is no ∞ in font cmr10!
Missing character: There is no Â in font cmr10!
Missing character: There is no æ in font cmr10!
Missing character: There is no ∑ in font cmr10!
Missing character: There is no È in font cmr10!
Missing character: There is no õ in font cmr10!
Missing character: There is no ∑ in font cmr10!
Missing character: There is no Â in font cmr10!
Missing character: There is no Ö in font cmr10!
Missing character: There is no â in font cmr10!
Missing character: There is no Ê in font cmr10!
Missing character: There is no ò in font cmr10!
Missing character: There is no • in font cmr10!
Missing character: There is no Á in font cmr10!
Missing character: There is no ª in font cmr10!
Missing character: There is no º in font cmr10!
Missing character: There is no Â in font cmr10!
Missing character: There is no ê in font cmr10!
Missing character: There is no à in font cmr10!
Missing character: There is no Ê in font cmr10!
Missing character: There is no π in font cmr10!
Missing character: There is no ø in font cmr10!
Missing character: There is no Â in font cmr10!
Missing character: There is no ú in font cmr10!
Missing character: There is no ∞ in font cmr10!
Missing character: There is no Á in font cmr10!
Missing character: There is no Æ in font cmr10!
Missing character: There is no ° in font cmr10!
Missing character: There is no Á in font cmr10!
Missing character: There is no ê in font cmr10!
Missing character: There is no Ü in font cmr10!
Missing character: There is no Â in font cmr10!
Missing character: There is no õ in font cmr10!
Missing character: There is no Ω in font cmr10!
Missing character: There is no È in font cmr10!
Missing character: There is no ô in font cmr10!
Missing character: There is no Ö in font cmr10!
Missing character: There is no Á in font cmr10!
Missing character: There is no † in font cmr10!
Missing character: There is no î in font cmr10!
Missing character: There is no Ë in font cmr10!
Missing character: There is no Æ in font cmr10!
Missing character: There is no ® in font cmr10!
Missing character: There is no ‰ in font cmr10!
Missing character: There is no º in font cmr10!
Missing character: There is no ö in font cmr10!
Missing character: There is no Ë in font cmr10!
Missing character: There is no Æ in font cmr10!
Missing character: There is no ∫ in font cmr10!
Missing character: There is no Ê in font cmr10!
Missing character: There is no ñ in font cmr10!
Missing character: There is no á in font cmr10!
Missing character: There is no È in font cmr10!
Missing character: There is no õ in font cmr10!
Missing character: There is no Ü in font cmr10!
Missing character: There is no Â in font cmr10!
Missing character: There is no å in font cmr10!
Missing character: There is no ó in font cmr10!
Missing character: There is no ‰ in font cmr10!
Missing character: There is no ∫ in font cmr10!
Missing character: There is no ¨ in font cmr10!
Missing character: There is no Ê in font cmr10!
Missing character: There is no µ in font cmr10!
Missing character: There is no ∑ in font cmr10!
Missing character: There is no Ê in font cmr10!
Missing character: There is no ¥ in font cmr10!
Missing character: There is no ã in font cmr10!
Missing character: There is no Â in font cmr10!
Missing character: There is no á in font cmr10!
Missing character: There is no ∫ in font cmr10!
Missing character: There is no Á in font cmr10!
Missing character: There is no â in font cmr10!
Missing character: There is no à in font cmr10!
Missing character: There is no Á in font cmr10!
Missing character: There is no § in font cmr10!
Missing character: There is no æ in font cmr10!
Missing character: There is no È in font cmr10!
Missing character: There is no ô in font cmr10!
Missing character: There is no à in font cmr10!
Missing character: There is no Ê in font cmr10!
Missing character: There is no ô in font cmr10!
Missing character: There is no ã in font cmr10!
Missing character: There is no È in font cmr10!
Missing character: There is no ï in font cmr10!
Missing character: There is no ≥ in font cmr10!
Missing character: There is no Â in font cmr10!
Missing character: There is no º in font cmr10!
Missing character: There is no † in font cmr10!
Missing character: There is no Ê in font cmr10!
Missing character: There is no É in font cmr10!
Missing character: There is no † in font cmr10!
Missing character: There is no Ê in font cmr10!
Missing character: There is no ∞ in font cmr10!
Missing character: There is no ë in font cmr10!
Missing character: There is no Ê in font cmr10!
Missing character: There is no ú in font cmr10!
Missing character: There is no ± in font cmr10!
Missing character: There is no Â in font cmr10!
Missing character: There is no £ in font cmr10!
Missing character: There is no ´ in font cmr10!
Missing character: There is no Â in font cmr10!
Missing character: There is no Ö in font cmr10!
Missing character: There is no ¥ in font cmr10!
Missing character: There is no Ë in font cmr10!
Missing character: There is no µ in font cmr10!
Missing character: There is no µ in font cmr10!
Missing character: There is no È in font cmr10!
Missing character: There is no ú in font cmr10!
Missing character: There is no á in font cmr10!
Missing character: There is no Á in font cmr10!
Missing character: There is no é in font cmr10!
Missing character: There is no ã in font cmr10!
Missing character: There is no Ê in font cmr10!
Missing character: There is no å in font cmr10!
Missing character: There is no Ø in font cmr10!
Missing character: There is no Â in font cmr10!
Missing character: There is no à in font cmr10!
Missing character: There is no ö in font cmr10!
Missing character: There is no Ë in font cmr10!
Missing character: There is no ì in font cmr10!
Missing character: There is no ü in font cmr10!
Missing character: There is no Â in font cmr10!
Missing character: There is no é in font cmr10!
Missing character: There is no ø in font cmr10!
Missing character: There is no È in font cmr10!
Missing character: There is no ú in font cmr10!
Missing character: There is no á in font cmr10!
Missing character: There is no Ê in font cmr10!
Missing character: There is no ó in font cmr10!
Missing character: There is no ¶ in font cmr10!
Missing character: There is no ‰ in font cmr10!
Missing character: There is no ∫ in font cmr10!
Missing character: There is no ö in font cmr10!
Missing character: There is no Á in font cmr10!
Missing character: There is no ï in font cmr10!
Missing character: There is no å in font cmr10!
Missing character: There is no Á in font cmr10!
Missing character: There is no † in font cmr10!
Missing character: There is no î in font cmr10!
Missing character: There is no Á in font cmr10!
Missing character: There is no © in font cmr10!
Missing character: There is no ∂ in font cmr10!
Missing character: There is no ‰ in font cmr10!
Missing character: There is no ∏ in font cmr10!
Missing character: There is no ≠ in font cmr10!
Missing character: There is no Â in font cmr10!
Missing character: There is no õ in font cmr10!
Missing character: There is no Ω in font cmr10!
Missing character: There is no Â in font cmr10!
Missing character: There is no ú in font cmr10!
Missing character: There is no ∞ in font cmr10!
Missing character: There is no Ë in font cmr10!
Missing character: There is no ¥ in font cmr10!
Missing character: There is no ® in font cmr10!
Missing character: There is no Á in font cmr10!
Missing character: There is no ß in font cmr10!
Missing character: There is no ë in font cmr10!
Missing character: There is no Â in font cmr10!
Missing character: There is no ≠ in font cmr10!
Missing character: There is no ¶ in font cmr10!
Missing character: There is no È in font cmr10!
Missing character: There is no ô in font cmr10!
Missing character: There is no ¢ in font cmr10!
Missing character: There is no Â in font cmr10!
Missing character: There is no § in font cmr10!
Missing character: There is no © in font cmr10!
Missing character: There is no Ê in font cmr10!
Missing character: There is no ¥ in font cmr10!
Missing character: There is no • in font cmr10!
Missing character: There is no Â in font cmr10!
Missing character: There is no ú in font cmr10!
Missing character: There is no ∞ in font cmr10!
Missing character: There is no Ë in font cmr10!
Missing character: There is no ¥ in font cmr10!
Missing character: There is no ® in font cmr10!
Missing character: There is no Á in font cmr10!
Missing character: There is no ü in font cmr10!
Missing character: There is no ø in font cmr10!
Missing character: There is no ‰ in font cmr10!
Missing character: There is no ∫ in font cmr10!
Missing character: There is no ß in font cmr10!
Missing character: There is no Á in font cmr10!
Missing character: There is no † in font cmr10!
Missing character: There is no î in font cmr10!
Missing character: There is no Á in font cmr10!
Missing character: There is no © in font cmr10!
Missing character: There is no ∂ in font cmr10!
Missing character: There is no Ê in font cmr10!
Missing character: There is no â in font cmr10!
Missing character: There is no Ä in font cmr10!
Missing character: There is no ‰ in font cmr10!
Missing character: There is no ∏ in font cmr10!
Missing character: There is no ≠ in font cmr10!
Missing character: There is no Â in font cmr10!
Missing character: There is no õ in font cmr10!
Missing character: There is no Ω in font cmr10!
Missing character: There is no È in font cmr10!
Missing character: There is no ú in font cmr10!
Missing character: There is no á in font cmr10!
Missing character: There is no Ê in font cmr10!
Missing character: There is no ó in font cmr10!
Missing character: There is no ¶ in font cmr10!
Missing character: There is no ‰ in font cmr10!
Missing character: There is no ∫ in font cmr10!
Missing character: There is no ö in font cmr10!
Missing character: There is no Á in font cmr10!
Missing character: There is no ï in font cmr10!
Missing character: There is no å in font cmr10!
Missing character: There is no Â in font cmr10!
Missing character: There is no § in font cmr10!
Missing character: There is no © in font cmr10!
Missing character: There is no Ê in font cmr10!
Missing character: There is no ¥ in font cmr10!
Missing character: There is no • in font cmr10!
Missing character: There is no Â in font cmr10!
Missing character: There is no § in font cmr10!
Missing character: There is no © in font cmr10!
Missing character: There is no Ê in font cmr10!
Missing character: There is no ¥ in font cmr10!
Missing character: There is no • in font cmr10!
Missing character: There is no Á in font cmr10!
Missing character: There is no ß in font cmr10!
Missing character: There is no ë in font cmr10!
Missing character: There is no Â in font cmr10!
Missing character: There is no ≠ in font cmr10!
Missing character: There is no ¶ in font cmr10!
Missing character: There is no Ê in font cmr10!
Missing character: There is no ä in font cmr10!
Missing character: There is no Ä in font cmr10!
Missing character: There is no Ê in font cmr10!
Missing character: There is no ú in font cmr10!
Missing character: There is no Ø in font cmr10!
Missing character: There is no Â in font cmr10!
Missing character: There is no á in font cmr10!
Missing character: There is no ∫ in font cmr10!
Missing character: There is no Á in font cmr10!
Missing character: There is no â in font cmr10!
Missing character: There is no à in font cmr10!
Missing character: There is no Á in font cmr10!
Missing character: There is no § in font cmr10!
Missing character: There is no æ in font cmr10!
Missing character: There is no Ë in font cmr10!
Missing character: There is no ¢ in font cmr10!
Missing character: There is no Å in font cmr10!
Missing character: There is no Ë in font cmr10!
Missing character: There is no Æ in font cmr10!
Missing character: There is no ≠ in font cmr10!
Missing character: There is no Ê in font cmr10!
Missing character: There is no ù in font cmr10!
Missing character: There is no • in font cmr10!
Missing character: There is no È in font cmr10!
Missing character: There is no ô in font cmr10!
Missing character: There is no à in font cmr10!
Missing character: There is no Â in font cmr10!
Missing character: There is no ì in font cmr10!
Missing character: There is no ≤ in font cmr10!
Missing character: There is no Ë in font cmr10!
Missing character: There is no Ç in font cmr10!
Missing character: There is no ñ in font cmr10!
Missing character: There is no ‰ in font cmr10!
Missing character: There is no π in font cmr10!
Missing character: There is no ¶ in font cmr10!
Missing character: There is no Ê in font cmr10!
Missing character: There is no µ in font cmr10!
Missing character: There is no ∑ in font cmr10!
Missing character: There is no Ë in font cmr10!
Missing character: There is no ì in font cmr10!
Missing character: There is no ù in font cmr10!
Missing character: There is no Á in font cmr10!
Missing character: There is no î in font cmr10!
Missing character: There is no ∞ in font cmr10!
Missing character: There is no Á in font cmr10!
Missing character: There is no î in font cmr10!
Missing character: There is no ü in font cmr10!
Missing character: There is no Á in font cmr10!
Missing character: There is no â in font cmr10!
Missing character: There is no © in font cmr10!
Missing character: There is no Á in font cmr10!
Missing character: There is no æ in font cmr10!
Missing character: There is no § in font cmr10!
Missing character: There is no ‰ in font cmr10!
Missing character: There is no ∏ in font cmr10!
Missing character: There is no Ä in font cmr10!
Missing character: There is no ‰ in font cmr10!
Missing character: There is no ∏ in font cmr10!
Missing character: There is no ™ in font cmr10!
Missing character: There is no Ë in font cmr10!
Missing character: There is no Æ in font cmr10!
Missing character: There is no § in font cmr10!
Missing character: There is no Ë in font cmr10!
Missing character: There is no Ø in font cmr10!
Missing character: There is no Ü in font cmr10!
Missing character: There is no Â in font cmr10!
Missing character: There is no § in font cmr10!
Missing character: There is no ö in font cmr10!
Missing character: There is no Á in font cmr10!
Missing character: There is no ª in font cmr10!
Missing character: There is no Ü in font cmr10!
Missing character: There is no Ë in font cmr10!
Missing character: There is no É in font cmr10!
Missing character: There is no û in font cmr10!
Missing character: There is no Á in font cmr10!
Missing character: There is no î in font cmr10!
Missing character: There is no ü in font cmr10!
Missing character: There is no Á in font cmr10!
Missing character: There is no â in font cmr10!
Missing character: There is no © in font cmr10!
Missing character: There is no Ë in font cmr10!
Missing character: There is no µ in font cmr10!
Missing character: There is no ∑ in font cmr10!
Missing character: There is no Ê in font cmr10!
Missing character: There is no ∫ in font cmr10!
Missing character: There is no ê in font cmr10!
Missing character: There is no Â in font cmr10!
Missing character: There is no í in font cmr10!
Missing character: There is no å in font cmr10!
Missing character: There is no Ê in font cmr10!
Missing character: There is no ó in font cmr10!
Missing character: There is no © in font cmr10!
Missing character: There is no Ê in font cmr10!
Missing character: There is no ú in font cmr10!
Missing character: There is no ü in font cmr10!
Missing character: There is no Ê in font cmr10!
Missing character: There is no º in font cmr10!
Missing character: There is no î in font cmr10!
Missing character: There is no Â in font cmr10!
Missing character: There is no å in font cmr10!
Missing character: There is no ñ in font cmr10!
Missing character: There is no Á in font cmr10!
Missing character: There is no ö in font cmr10!
Missing character: There is no Ñ in font cmr10!
Missing character: There is no Ê in font cmr10!
Missing character: There is no ñ in font cmr10!
Missing character: There is no ∞ in font cmr10!
Missing character: There is no Á in font cmr10!
Missing character: There is no ™ in font cmr10!
Missing character: There is no ó in font cmr10!
Missing character: There is no Â in font cmr10!
Missing character: There is no è in font cmr10!
Missing character: There is no £ in font cmr10!
Missing character: There is no Á in font cmr10!
Missing character: There is no Ø in font cmr10!
Missing character: There is no á in font cmr10!
Missing character: There is no ‰ in font cmr10!
Missing character: There is no ∏ in font cmr10!
Missing character: There is no Ä in font cmr10!
Missing character: There is no Á in font cmr10!
Missing character: There is no ß in font cmr10!
Missing character: There is no ë in font cmr10!
Missing character: There is no Â in font cmr10!
Missing character: There is no ≠ in font cmr10!
Missing character: There is no ¶ in font cmr10!
Missing character: There is no È in font cmr10!
Missing character: There is no Ä in font cmr10!
Missing character: There is no ö in font cmr10!
Missing character: There is no Ê in font cmr10!
Missing character: There is no ä in font cmr10!
Missing character: There is no • in font cmr10!
Missing character: There is no Ë in font cmr10!
Missing character: There is no ¢ in font cmr10!
Missing character: There is no Å in font cmr10!
Missing character: There is no Ë in font cmr10!
Missing character: There is no Æ in font cmr10!
Missing character: There is no ≠ in font cmr10!
Missing character: There is no Ê in font cmr10!
Missing character: There is no ù in font cmr10!
Missing character: There is no • in font cmr10!
Missing character: There is no È in font cmr10!
Missing character: There is no ô in font cmr10!
Missing character: There is no à in font cmr10!
Missing character: There is no Â in font cmr10!
Missing character: There is no ì in font cmr10!
Missing character: There is no ≤ in font cmr10!
Missing character: There is no Ë in font cmr10!
Missing character: There is no Ç in font cmr10!
Missing character: There is no ñ in font cmr10!
Missing character: There is no ‰ in font cmr10!
Missing character: There is no π in font cmr10!
Missing character: There is no ¶ in font cmr10!
Missing character: There is no Ê in font cmr10!
Missing character: There is no µ in font cmr10!
Missing character: There is no ∑ in font cmr10!
Missing character: There is no Ë in font cmr10!
Missing character: There is no ì in font cmr10!
Missing character: There is no ù in font cmr10!
Missing character: There is no Á in font cmr10!
Missing character: There is no î in font cmr10!
Missing character: There is no ∞ in font cmr10!
Missing character: There is no Á in font cmr10!
Missing character: There is no î in font cmr10!
Missing character: There is no ü in font cmr10!
Missing character: There is no Á in font cmr10!
Missing character: There is no â in font cmr10!
Missing character: There is no © in font cmr10!
Missing character: There is no Á in font cmr10!
Missing character: There is no æ in font cmr10!
Missing character: There is no § in font cmr10!
Missing character: There is no ‰ in font cmr10!
Missing character: There is no ∏ in font cmr10!
Missing character: There is no Ä in font cmr10!
Missing character: There is no ‰ in font cmr10!
Missing character: There is no ∏ in font cmr10!
Missing character: There is no ™ in font cmr10!
Missing character: There is no Ë in font cmr10!
Missing character: There is no Æ in font cmr10!
Missing character: There is no § in font cmr10!
Missing character: There is no Ë in font cmr10!
Missing character: There is no Ø in font cmr10!
Missing character: There is no Ü in font cmr10!
Missing character: There is no Â in font cmr10!
Missing character: There is no § in font cmr10!
Missing character: There is no ö in font cmr10!
Missing character: There is no Á in font cmr10!
Missing character: There is no ª in font cmr10!
Missing character: There is no Ü in font cmr10!
Missing character: There is no Ë in font cmr10!
Missing character: There is no É in font cmr10!
Missing character: There is no û in font cmr10!
Missing character: There is no Á in font cmr10!
Missing character: There is no î in font cmr10!
Missing character: There is no ü in font cmr10!
Missing character: There is no Á in font cmr10!
Missing character: There is no â in font cmr10!
Missing character: There is no © in font cmr10!
Missing character: There is no Ë in font cmr10!
Missing character: There is no µ in font cmr10!
Missing character: There is no ∑ in font cmr10!
Missing character: There is no Ê in font cmr10!
Missing character: There is no ∫ in font cmr10!
Missing character: There is no ê in font cmr10!
Missing character: There is no Â in font cmr10!
Missing character: There is no í in font cmr10!
Missing character: There is no å in font cmr10!
Missing character: There is no Ê in font cmr10!
Missing character: There is no ó in font cmr10!
Missing character: There is no © in font cmr10!
Missing character: There is no Ê in font cmr10!
Missing character: There is no ú in font cmr10!
Missing character: There is no ü in font cmr10!
Missing character: There is no Ê in font cmr10!
Missing character: There is no º in font cmr10!
Missing character: There is no î in font cmr10!
Missing character: There is no Â in font cmr10!
Missing character: There is no å in font cmr10!
Missing character: There is no ñ in font cmr10!
Missing character: There is no Á in font cmr10!
Missing character: There is no ö in font cmr10!
Missing character: There is no Ñ in font cmr10!
Missing character: There is no Ê in font cmr10!
Missing character: There is no ñ in font cmr10!
Missing character: There is no ∞ in font cmr10!
Missing character: There is no Á in font cmr10!
Missing character: There is no ™ in font cmr10!
Missing character: There is no ó in font cmr10!
Missing character: There is no Â in font cmr10!
Missing character: There is no è in font cmr10!
Missing character: There is no £ in font cmr10!
Missing character: There is no Á in font cmr10!
Missing character: There is no Ø in font cmr10!
Missing character: There is no á in font cmr10!
Missing character: There is no ‰ in font cmr10!
Missing character: There is no ∫ in font cmr10!
Missing character: There is no å in font cmr10!
Missing character: There is no Á in font cmr10!
Missing character: There is no ß in font cmr10!
Missing character: There is no ë in font cmr10!
Missing character: There is no Â in font cmr10!
Missing character: There is no ≠ in font cmr10!
Missing character: There is no ¶ in font cmr10!
Missing character: There is no È in font cmr10!
Missing character: There is no Ä in font cmr10!
Missing character: There is no ö in font cmr10!
Missing character: There is no Ê in font cmr10!
Missing character: There is no ä in font cmr10!
Missing character: There is no • in font cmr10!
Missing character: There is no Ë in font cmr10!
Missing character: There is no ¢ in font cmr10!
Missing character: There is no Å in font cmr10!
Missing character: There is no Ë in font cmr10!
Missing character: There is no Æ in font cmr10!
Missing character: There is no ≠ in font cmr10!
Missing character: There is no Ê in font cmr10!
Missing character: There is no ù in font cmr10!
Missing character: There is no • in font cmr10!
Missing character: There is no È in font cmr10!
Missing character: There is no ô in font cmr10!
Missing character: There is no à in font cmr10!
Missing character: There is no Â in font cmr10!
Missing character: There is no ì in font cmr10!
Missing character: There is no ≤ in font cmr10!
Missing character: There is no Ë in font cmr10!
Missing character: There is no Ç in font cmr10!
Missing character: There is no ñ in font cmr10!
Missing character: There is no ‰ in font cmr10!
Missing character: There is no π in font cmr10!
Missing character: There is no ¶ in font cmr10!
Missing character: There is no Ê in font cmr10!
Missing character: There is no µ in font cmr10!
Missing character: There is no ∑ in font cmr10!
Missing character: There is no Ë in font cmr10!
Missing character: There is no ì in font cmr10!
Missing character: There is no ù in font cmr10!
Missing character: There is no Á in font cmr10!
Missing character: There is no î in font cmr10!
Missing character: There is no ∞ in font cmr10!
Missing character: There is no Á in font cmr10!
Missing character: There is no î in font cmr10!
Missing character: There is no ü in font cmr10!
Missing character: There is no Á in font cmr10!
Missing character: There is no â in font cmr10!
Missing character: There is no © in font cmr10!
Missing character: There is no Á in font cmr10!
Missing character: There is no æ in font cmr10!
Missing character: There is no § in font cmr10!
Missing character: There is no ‰ in font cmr10!
Missing character: There is no ∏ in font cmr10!
Missing character: There is no Ä in font cmr10!
Missing character: There is no ‰ in font cmr10!
Missing character: There is no ∏ in font cmr10!
Missing character: There is no ™ in font cmr10!
Missing character: There is no Ë in font cmr10!
Missing character: There is no Æ in font cmr10!
Missing character: There is no § in font cmr10!
Missing character: There is no Ë in font cmr10!
Missing character: There is no Ø in font cmr10!
Missing character: There is no Ü in font cmr10!
Missing character: There is no Â in font cmr10!
Missing character: There is no § in font cmr10!
Missing character: There is no ö in font cmr10!
Missing character: There is no Á in font cmr10!
Missing character: There is no ª in font cmr10!
Missing character: There is no Ü in font cmr10!
Missing character: There is no Ë in font cmr10!
Missing character: There is no É in font cmr10!
Missing character: There is no û in font cmr10!
Missing character: There is no Á in font cmr10!
Missing character: There is no î in font cmr10!
Missing character: There is no ü in font cmr10!
Missing character: There is no Á in font cmr10!
Missing character: There is no â in font cmr10!
Missing character: There is no © in font cmr10!
Missing character: There is no Ë in font cmr10!
Missing character: There is no µ in font cmr10!
Missing character: There is no ∑ in font cmr10!
Missing character: There is no Ê in font cmr10!
Missing character: There is no ∫ in font cmr10!
Missing character: There is no ê in font cmr10!
Missing character: There is no Â in font cmr10!
Missing character: There is no í in font cmr10!
Missing character: There is no å in font cmr10!
Missing character: There is no Ê in font cmr10!
Missing character: There is no ó in font cmr10!
Missing character: There is no © in font cmr10!
Missing character: There is no Ê in font cmr10!
Missing character: There is no ú in font cmr10!
Missing character: There is no ü in font cmr10!
Missing character: There is no Ê in font cmr10!
Missing character: There is no º in font cmr10!
Missing character: There is no î in font cmr10!
Missing character: There is no Â in font cmr10!
Missing character: There is no å in font cmr10!
Missing character: There is no ñ in font cmr10!
Missing character: There is no Á in font cmr10!
Missing character: There is no ö in font cmr10!
Missing character: There is no Ñ in font cmr10!
Missing character: There is no Ê in font cmr10!
Missing character: There is no ñ in font cmr10!
Missing character: There is no ∞ in font cmr10!
Missing character: There is no Á in font cmr10!
Missing character: There is no ™ in font cmr10!
Missing character: There is no ó in font cmr10!
Missing character: There is no Â in font cmr10!
Missing character: There is no è in font cmr10!
Missing character: There is no £ in font cmr10!
Missing character: There is no Á in font cmr10!
Missing character: There is no Ø in font cmr10!
Missing character: There is no á in font cmr10!
Missing character: There is no ‰ in font cmr10!
Missing character: There is no ∏ in font cmr10!
Missing character: There is no â in font cmr10!
Missing character: There is no Á in font cmr10!
Missing character: There is no ß in font cmr10!
Missing character: There is no ë in font cmr10!
Missing character: There is no Â in font cmr10!
Missing character: There is no ≠ in font cmr10!
Missing character: There is no ¶ in font cmr10!
Missing character: There is no È in font cmr10!
Missing character: There is no Ä in font cmr10!
Missing character: There is no ö in font cmr10!
Missing character: There is no Ê in font cmr10!
Missing character: There is no ä in font cmr10!
Missing character: There is no • in font cmr10!

Overfull \hbox (33.05171pt too wide) in paragraph at lines 6--120
\tenrm publisher=On-line Re-sources  @book-lam-port1986document, ti-tle=Documen
t Prepa-ra-tion Sys-tem, au-thor=Lamport,|

\hbox(6.94444+1.94444)x469.75499, glue set - 1.0
.\tenrm p
.\tenrm u
.\tenrm b
.\tenrm l
.\tenrm i
.etc.


Overfull \hbox (14.68823pt too wide) in paragraph at lines 6--120
\tenrm Leslie, year=1986, publisher=Addison-Wesley Read-ing, MA  @ar-ti-clechen
2005zhulu, ti-tle=, au-thor=, key=Chen|

\hbox(6.94444+1.94444)x469.75499, glue set - 1.0
.\tenrm L
.\tenrm e
.\tenrm s
.\tenrm l
.\tenrm i
.etc.


Overfull \hbox (13.60721pt too wide) in paragraph at lines 6--120
\tenrm thor=, key=Chu Jing Li, year=2004, ad-dress=, pub-lisher=  @ar-ti-clesta
mer-jo-hanns2009mathml, title=MathML-|

\hbox(6.94444+1.94444)x469.75499, glue set - 1.0
.\tenrm t
.\tenrm h
.\tenrm o
.\tenrm r
.\tenrm =
.etc.

)
*
! Emergency stop.
<*> ...≠ÊúüÊä•Âëä/ucasthesis-master/Biblio/ref.bib
                                                  
End of file on the terminal!

!  ==> Fatal error occurred, no output PDF file produced!
